<?xml version="1.0" encoding="UTF-8" ?>
<testsuite tests="1" failures="0" name="cucumber.Options.TestRunner" time="0.03" errors="1" skipped="0">
  <properties>
[...]
</properties>
  <testcase classname="cucumber.Options.TestRunner" name="initializationError" time="0.03">
    <error message="Unknown option: --tags@Regression" type="io.cucumber.core.exception.CucumberException">io.cucumber.core.exception.CucumberException: Unknown option: --tags@Regression
	at io.cucumber.core.options.RuntimeOptionsParser.parse(RuntimeOptionsParser.java:206)
	at io.cucumber.core.options.CucumberPropertiesParser.parseCucumberOptions(CucumberPropertiesParser.java:209)
	at io.cucumber.core.options.CucumberPropertiesParser.parse(CucumberPropertiesParser.java:79)
	at io.cucumber.junit.Cucumber.&lt;init&gt;(Cucumber.java:120)
	at java.base/jdk.internal.reflect.NativeConstructorAccessorImpl.newInstance0(Native Method)
	at java.base/jdk.internal.reflect.NativeConstructorAccessorImpl.newInstance(NativeConstructorAccessorImpl.java:62)
	at java.base/jdk.internal.reflect.DelegatingConstructorAccessorImpl.newInstance(DelegatingConstructorAccessorImpl.java:45)
	at java.base/java.lang.reflect.Constructor.newInstanceWithCaller(Constructor.java:500)
	at java.base/java.lang.reflect.Constructor.newInstance(Constructor.java:481)
	at org.junit.internal.builders.AnnotatedBuilder.buildRunner(AnnotatedBuilder.java:29)
	at org.junit.internal.builders.AnnotatedBuilder.runnerForClass(AnnotatedBuilder.java:21)
	at org.junit.runners.model.RunnerBuilder.safeRunnerForClass(RunnerBuilder.java:59)
	at org.junit.internal.builders.AllDefaultPossibilitiesBuilder.runnerForClass(AllDefaultPossibilitiesBuilder.java:26)
	at org.junit.runners.model.RunnerBuilder.safeRunnerForClass(RunnerBuilder.java:59)
	at org.junit.internal.requests.ClassRequest.getRunner(ClassRequest.java:26)
	at org.apache.maven.surefire.junit4.JUnit4Provider.execute(JUnit4Provider.java:250)
	at org.apache.maven.surefire.junit4.JUnit4Provider.executeTestSet(JUnit4Provider.java:141)
	at org.apache.maven.surefire.junit4.JUnit4Provider.invoke(JUnit4Provider.java:112)
	at java.base/jdk.internal.reflect.NativeMethodAccessorImpl.invoke0(Native Method)
	at java.base/jdk.internal.reflect.NativeMethodAccessorImpl.invoke(NativeMethodAccessorImpl.java:62)
	at java.base/jdk.internal.reflect.DelegatingMethodAccessorImpl.invoke(DelegatingMethodAccessorImpl.java:43)
	at java.base/java.lang.reflect.Method.invoke(Method.java:564)
	at org.apache.maven.surefire.util.ReflectionUtils.invokeMethodWithArray(ReflectionUtils.java:189)
	at org.apache.maven.surefire.booter.ProviderFactory$ProviderProxy.invoke(ProviderFactory.java:165)
	at org.apache.maven.surefire.booter.ProviderFactory.invokeProvider(ProviderFactory.java:85)
	at org.apache.maven.surefire.booter.ForkedBooter.runSuitesInProcess(ForkedBooter.java:115)
	at org.apache.maven.surefire.booter.ForkedBooter.main(ForkedBooter.java:75)
</error>
    <system-out>Usage: java io.cucumber.core.cli.Main [options] [ [DIR|DIR URI] | [ [FILE|FILE URI][:LINE]* ] | @[FILE|FILE URI] ]+

Options:

      --threads COUNT                      Number of threads to run tests under.
                                           Defaults to 1.

  -g, --glue PATH                          Package to load glue code (step
                                           definitions, hooks and plugins) from
                                           e.g: com.example.app. When not
                                           provided Cucumber will search the
                                           classpath.

  -p, --[add-]plugin PLUGIN[:PATH_OR_URL]  Register a plugin.
                                           Built-in formatter PLUGIN types:
                                           junit, html, pretty, progress, json,
                                           usage, rerun, testng. Built-in
                                           summary PLUGIN types:
                                           default_summary, null_summary,
                                           unused. PLUGIN can also be a fully
                                           qualified class name, allowing registration
                                           of 3rd party plugins.

                                           --add-plugin does not clobber plugins
                                           of that type defined from a different
                                           source.

  -t, --tags TAG_EXPRESSION                Only run scenarios tagged with tags
                                           matching TAG_EXPRESSION.

  -n, --name REGEXP                        Only run scenarios whose names match
                                           REGEXP.

  -d, --[no-]dry-run                       Skip execution of glue code.

  -m, --[no-]monochrome                    Don&apos;t colour terminal output.

  -s, --[no-]strict                        Treat undefined and pending steps as
                                           errors.

      --snippets [underscore|camelcase]    Naming convention for generated
                                           snippets. Defaults to underscore.

  -v, --version                            Print version.

  -h, --help                               You&apos;re looking at it.

      --i18n LANG                          List keywords for in a particular
                                           language
                                           Run with &quot;--i18n help&quot; to see all
                                           languages

  -w, --wip                                Fail if there are any passing
                                           scenarios.
  
    
      --order                              Run the scenarios in a different
                                           order. The options are &apos;reverse&apos; and
                                           &apos;random&apos;. In case of &apos;random&apos; order
                                           an optional seed parameter can be
                                           added &apos;random:&lt;seed&gt;&apos;.

      --count                              Number of scenarios to be executed.
                                           If not specified all scenarios are run.

      --object-factory CLASSNAME           Uses the class specified by CLASSNAME
                                           as object factory. Be aware that the
                                           class is loaded through a service
                                           loader and therefore also needs to
                                           be specified in:
                                           META-INF/services/io.cucumber.core.backend.ObjectFactory

Feature path examples:
                                           When no feature path is provided
                                           cucumber will scan the classpath root
                                           and its sub directories.

  &lt;path&gt;                                   Load the files with the extension
                                           &quot;.feature&quot; for the directory &lt;path&gt;
                                           and its sub directories.

  &lt;path&gt;/&lt;name&gt;.feature                    Load the feature file
                                           &lt;path&gt;/&lt;name&gt;.feature from the file
                                           system.

  classpath:&lt;path&gt;/&lt;name&gt;.feature          Load the feature file
                                           &lt;path&gt;/&lt;name&gt;.feature from the
                                           classpath.

  &lt;path&gt;/&lt;name&gt;.feature:3:9                Load the scenarios on line 3 and line
                                           9 in the file &lt;path&gt;/&lt;name&gt;.feature.

  @&lt;path&gt;/&lt;file&gt;                           Load &lt;path&gt;/&lt;file&gt; from the file
                                           system and parse feature paths
                                           generated by the rerun formatter.


Properties, Environment variables and System properties:

Cucumber will in order of precedence parse properties from system properties,
environment variables and the `cucumber.properties` file.

Note that options provided by `@CucumberOptions` takes precedence over the
properties file and CLI arguments take precedence over all.

Supported properties are:

```
cucumber.ansi-colors.disabled=  # true or false. default: false
cucumber.execution.dry-run=     # true or false. default: false
cucumber.execution.limit=       # number of scenarios to execute (CLI only).
cucumber.execution.order=       # lexical, reverse, random or random:[seed] (CLI only). default: lexical
cucumber.execution.strict=      # true or false. default: false.
cucumber.execution.wip=         # true or false. default: false.
cucumber.features=              # command separated paths to feature files. example: path/to/example.feature, path/to/other.feature
cucumber.filter.name=           # regex. example: .*Hello.*
cucumber.filter.tags=           # tag expression. example: @smoke and not @slow
cucumber.glue=                  # comma separated package names. example: com.example.glue
cucumber.plugin=                # comma separated plugin strings. example: pretty, json:path/to/report.json
cucumber.object-factory=        # object factory class name. example: com.example.MyObjectFactory
cucumber.snippet-type=          # underscore or camelcase. default: underscore
```

Each property also has an `UPPER_CASE` and `snake_case` variant. For example
`cucumber.ansi-colors.disabled` would also be understood as
`CUCUMBER_ANSI_COLORS_DISABLED` and `cucumber_ansi_colors_disabled`.
</system-out>
  </testcase>
</testsuite>